# JRE version: Java(TM) SE Runtime Environment (21.0.8+12) (build 21.0.8+12-LTS-250)
# Java VM: Java HotSpot(TM) 64-Bit Server VM (21.0.8+12-LTS-250, mixed mode, sharing, tiered, compressed oops, compressed class ptrs, g1 gc, windows-amd64)
GC Precious Log:
 CardTable entry size: 512
 Card Set container configuration: InlinePtr #cards 4 size 8 Array Of Cards #cards 16 size 48 Howl #buckets 8 coarsen threshold 3686 Howl Bitmap #cards 512 size 80 coarsen threshold 460 Card regions per heap region 1 cards per card region 4096
 CPUs: 4 total, 4 available
 Memory: 16332M
 Large Page Support: Disabled
 NUMA Support: Disabled
 Compressed Oops: Enabled (Zero based)
 Heap Region Size: 2M
 Heap Min Capacity: 8M
 Heap Initial Capacity: 256M
 Heap Max Capacity: 4084M
 Pre-touch: Disabled
 Parallel Workers: 4
 Concurrent Workers: 1
 Concurrent Refinement Workers: 4
 Periodic GC: Disabled
Heap:
 garbage-first heap   total 126976K, used 52193K [0x0000000700c00000, 0x0000000800000000)
  region size 2048K, 6 young (12288K), 2 survivors (4096K)
 Metaspace       used 36446K, committed 37056K, reserved 1114112K
  class space    used 4150K, committed 4416K, reserved 1048576K
GC Heap History (18 events):
Event: 0.643 GC heap before
{Heap before GC invocations=0 (full 0):
 garbage-first heap   total 262144K, used 12288K [0x0000000700c00000, 0x0000000800000000)
  region size 2048K, 6 young (12288K), 0 survivors (0K)
 Metaspace       used 3307K, committed 3392K, reserved 1114112K
  class space    used 336K, committed 384K, reserved 1048576K
}
Event: 0.659 GC heap after
{Heap after GC invocations=1 (full 0):
 garbage-first heap   total 262144K, used 3264K [0x0000000700c00000, 0x0000000800000000)
  region size 2048K, 1 young (2048K), 1 survivors (2048K)
 Metaspace       used 3307K, committed 3392K, reserved 1114112K
  class space    used 336K, committed 384K, reserved 1048576K
}
Event: 0.962 GC heap before
{Heap before GC invocations=1 (full 0):
 garbage-first heap   total 262144K, used 15552K [0x0000000700c00000, 0x0000000800000000)
  region size 2048K, 7 young (14336K), 1 survivors (2048K)
 Metaspace       used 5660K, committed 5888K, reserved 1114112K
  class space    used 656K, committed 768K, reserved 1048576K
}
Event: 0.966 GC heap after
{Heap after GC invocations=2 (full 0):
 garbage-first heap   total 262144K, used 4044K [0x0000000700c00000, 0x0000000800000000)
  region size 2048K, 1 young (2048K), 1 survivors (2048K)
 Metaspace       used 5660K, committed 5888K, reserved 1114112K
  class space    used 656K, committed 768K, reserved 1048576K
}
Event: 1.976 GC heap before
{Heap before GC invocations=2 (full 0):
 garbage-first heap   total 262144K, used 40908K [0x0000000700c00000, 0x0000000800000000)
  region size 2048K, 19 young (38912K), 1 survivors (2048K)
 Metaspace       used 11279K, committed 11456K, reserved 1114112K
  class space    used 1334K, committed 1408K, reserved 1048576K
}
Event: 1.981 GC heap after
{Heap after GC invocations=3 (full 0):
 garbage-first heap   total 262144K, used 6160K [0x0000000700c00000, 0x0000000800000000)
  region size 2048K, 2 young (4096K), 2 survivors (4096K)
 Metaspace       used 11279K, committed 11456K, reserved 1114112K
  class space    used 1334K, committed 1408K, reserved 1048576K
}
Event: 7.214 GC heap before
{Heap before GC invocations=3 (full 0):
 garbage-first heap   total 262144K, used 155664K [0x0000000700c00000, 0x0000000800000000)
  region size 2048K, 76 young (155648K), 2 survivors (4096K)
 Metaspace       used 20014K, committed 20352K, reserved 1114112K
  class space    used 2235K, committed 2432K, reserved 1048576K
}
Event: 7.229 GC heap after
{Heap after GC invocations=4 (full 0):
 garbage-first heap   total 262144K, used 18077K [0x0000000700c00000, 0x0000000800000000)
  region size 2048K, 8 young (16384K), 8 survivors (16384K)
 Metaspace       used 20014K, committed 20352K, reserved 1114112K
  class space    used 2235K, committed 2432K, reserved 1048576K
}
Event: 7.459 GC heap before
{Heap before GC invocations=4 (full 0):
 garbage-first heap   total 262144K, used 38557K [0x0000000700c00000, 0x0000000800000000)
  region size 2048K, 15 young (30720K), 8 survivors (16384K)
 Metaspace       used 21201K, committed 21504K, reserved 1114112K
  class space    used 2406K, committed 2560K, reserved 1048576K
}
Event: 7.473 GC heap after
{Heap after GC invocations=5 (full 0):
 garbage-first heap   total 262144K, used 30337K [0x0000000700c00000, 0x0000000800000000)
  region size 2048K, 3 young (6144K), 3 survivors (6144K)
 Metaspace       used 21201K, committed 21504K, reserved 1114112K
  class space    used 2406K, committed 2560K, reserved 1048576K
}
Event: 9.488 GC heap before
{Heap before GC invocations=6 (full 0):
 garbage-first heap   total 116736K, used 93825K [0x0000000700c00000, 0x0000000800000000)
  region size 2048K, 34 young (69632K), 3 survivors (6144K)
 Metaspace       used 27696K, committed 28032K, reserved 1114112K
  class space    used 3096K, committed 3264K, reserved 1048576K
}
Event: 9.504 GC heap after
{Heap after GC invocations=7 (full 0):
 garbage-first heap   total 116736K, used 40015K [0x0000000700c00000, 0x0000000800000000)
  region size 2048K, 5 young (10240K), 5 survivors (10240K)
 Metaspace       used 27696K, committed 28032K, reserved 1114112K
  class space    used 3096K, committed 3264K, reserved 1048576K
}
Event: 11.233 GC heap before
{Heap before GC invocations=7 (full 0):
 garbage-first heap   total 116736K, used 93263K [0x0000000700c00000, 0x0000000800000000)
  region size 2048K, 31 young (63488K), 5 survivors (10240K)
 Metaspace       used 31226K, committed 31680K, reserved 1114112K
  class space    used 3521K, committed 3712K, reserved 1048576K
}
Event: 11.250 GC heap after
{Heap after GC invocations=8 (full 0):
 garbage-first heap   total 116736K, used 40933K [0x0000000700c00000, 0x0000000800000000)
  region size 2048K, 2 young (4096K), 2 survivors (4096K)
 Metaspace       used 31226K, committed 31680K, reserved 1114112K
  class space    used 3521K, committed 3712K, reserved 1048576K
}
Event: 12.453 GC heap before
{Heap before GC invocations=8 (full 0):
 garbage-first heap   total 116736K, used 102373K [0x0000000700c00000, 0x0000000800000000)
  region size 2048K, 25 young (51200K), 2 survivors (4096K)
 Metaspace       used 34796K, committed 35264K, reserved 1114112K
  class space    used 3947K, committed 4160K, reserved 1048576K
}
Event: 12.461 GC heap after
{Heap after GC invocations=9 (full 0):
 garbage-first heap   total 116736K, used 59969K [0x0000000700c00000, 0x0000000800000000)
  region size 2048K, 4 young (8192K), 4 survivors (8192K)
 Metaspace       used 34796K, committed 35264K, reserved 1114112K
  class space    used 3947K, committed 4160K, reserved 1048576K
}
Event: 13.515 GC heap before
{Heap before GC invocations=10 (full 0):
 garbage-first heap   total 116736K, used 113217K [0x0000000700c00000, 0x0000000800000000)
  region size 2048K, 23 young (47104K), 4 survivors (8192K)
 Metaspace       used 36365K, committed 36928K, reserved 1114112K
  class space    used 4142K, committed 4416K, reserved 1048576K
}
Event: 13.524 GC heap after
{Heap after GC invocations=11 (full 0):
 garbage-first heap   total 126976K, used 46049K [0x0000000700c00000, 0x0000000800000000)
  region size 2048K, 2 young (4096K), 2 survivors (4096K)
 Metaspace       used 36365K, committed 36928K, reserved 1114112K
  class space    used 4142K, committed 4416K, reserved 1048576K
}

